INFO: 2021/09/27 19:09:03 main.go:10: Starting up proj
INFO: 2021/09/27 19:09:07 main.go:10: Starting up proj
INFO: 2021/09/27 19:09:26 main.go:10: Starting up proj
INFO: 2021/09/28 10:23:51 main.go:77: Starting up proj
INFO: 2021/09/28 10:24:50 main.go:77: Starting up proj
INFO: 2021/09/28 10:25:35 main.go:77: Starting up proj
INFO: 2021/09/28 10:26:16 main.go:77: Starting up proj
INFO: 2021/09/28 10:26:58 main.go:77: Starting up proj
INFO: 2021/09/28 10:27:54 main.go:77: Starting up proj
INFO: 2021/09/28 10:28:55 main.go:77: Starting up proj! with port 8000
INFO: 2021/09/28 10:31:57 main.go:77: Starting up proj! with port 8000
INFO: 2021/09/28 10:32:10 main.go:77: Starting up proj! with port 8000
INFO: 2021/09/28 10:32:30 main.go:77: Starting up proj! with port 8000
INFO: 2021/09/28 10:32:42 main.go:77: Starting up proj! with port 8000
INFO: 2021/09/28 10:33:05 main.go:77: Starting up proj! with port 8000
INFO: 2021/09/28 10:33:29 main.go:77: Starting up proj! with port 8000
INFO: 2021/09/28 10:36:30 main.go:77: Starting up proj! with port 8000
INFO: 2021/09/28 10:37:44 main.go:77: Starting up proj! with port 8000
INFO: 2021/09/28 10:38:08 main.go:77: Starting up proj! with port 8000
INFO: 2021/09/28 10:41:08 main.go:77: Starting up proj! with port 8000
INFO: 2021/09/28 10:51:06 main.go:77: Starting up proj! with port 8000
INFO: 2021/09/28 11:12:18 main.go:85: Starting up proj! with port 8080
INFO: 2021/09/28 11:38:20 main.go:78: Starting up proj in port: 8080
INFO: 2021/09/28 11:38:59 main.go:78: Starting up proj in port: 8080
INFO: 2021/09/28 11:43:06 main.go:89: Starting up proj in port: 8080
INFO: 2021/09/28 12:46:19 main.go:103: Starting up proj in port: 8080
INFO: 2021/09/28 12:49:15 main.go:103: Starting up proj in port: 8080
INFO: 2021/09/28 12:49:56 main.go:103: Starting up proj in port: 8080
INFO: 2021/09/28 12:50:30 main.go:103: Starting up proj in port: 8080
INFO: 2021/09/28 12:53:56 main.go:102: Starting up proj in port: 8080
INFO: 2021/09/28 12:55:26 main.go:102: Starting up proj in port: 8080
INFO: 2021/09/28 12:56:16 main.go:102: Starting up proj in port: 8080
INFO: 2021/09/28 12:56:33 main.go:102: Starting up proj in port: 8080
INFO: 2021/09/28 12:58:23 main.go:102: Starting up proj in port: 8080
INFO: 2021/09/28 12:59:16 main.go:102: Starting up proj in port: 8080
INFO: 2021/09/28 12:59:26 main.go:102: Starting up proj in port: 8080
INFO: 2021/09/28 12:59:30 main.go:138: &{GET /list HTTP/1.1 1 1 map[Accept:[*/*] Accept-Encoding:[gzip, deflate, br] Connection:[keep-alive] Postman-Token:[e69a9bb8-6688-4730-a527-b74c8430bbb2] User-Agent:[PostmanRuntime/7.28.4]] {} <nil> 0 [] false localhost:8080 map[] map[] <nil> map[] [::1]:60786 /list <nil> <nil> <nil> 0xc000074440}
ERROR: 2021/09/28 12:59:30 main.go:183: Book not found
INFO: 2021/09/28 13:00:07 main.go:102: Starting up proj in port: 8080
INFO: 2021/09/28 13:00:12 main.go:138: &{GET /list HTTP/1.1 1 1 map[Accept:[*/*] Accept-Encoding:[gzip, deflate, br] Connection:[keep-alive] Postman-Token:[441b7117-3667-4057-8596-714b2f3b7dfa] User-Agent:[PostmanRuntime/7.28.4]] {} <nil> 0 [] false localhost:8080 map[] map[] <nil> map[] [::1]:60809 /list <nil> <nil> <nil> 0xc000156540}
INFO: 2021/09/28 13:01:25 main.go:103: Starting up proj in port: 8080
INFO: 2021/09/28 13:01:30 main.go:139: &{GET /list HTTP/1.1 1 1 map[Accept:[*/*] Accept-Encoding:[gzip, deflate, br] Connection:[keep-alive] Postman-Token:[4dc2f486-b8f2-48f5-bdee-53f9e0a8249e] User-Agent:[PostmanRuntime/7.28.4]] {} <nil> 0 [] false localhost:8080 map[] map[] <nil> map[] [::1]:60826 /list <nil> <nil> <nil> 0xc000074580}
INFO: 2021/09/28 13:03:46 main.go:103: Starting up proj in port: 8080
WARNING: 2021/09/28 13:03:49 main.go:164: map[1:{1 Get Set Go! John Smith Test} 2:{2 Be a Go Getter John Smith David Byrne}]
INFO: 2021/09/28 13:04:08 main.go:103: Starting up proj in port: 8080
WARNING: 2021/09/28 13:04:12 main.go:164: map[1:{1 Get Set Go! John Smith Test} 2:{2 Be a Go Getter John Smith David Byrne}]
INFO: 2021/09/28 13:05:24 main.go:103: Starting up proj in port: 8080
WARNING: 2021/09/28 13:05:31 main.go:164: map[1:{1 Get Set Go! John Smith Test} 2:{2 Be a Go Getter John Smith David Byrne}]
INFO: 2021/09/28 13:06:36 main.go:103: Starting up proj in port: 8080
WARNING: 2021/09/28 13:06:44 main.go:164: map[1:{1 Get Set Go! John Smith Test} 2:{2 Be a Go Getter John Smith David Byrne}]
INFO: 2021/09/28 13:07:35 main.go:103: Starting up proj in port: 8080
WARNING: 2021/09/28 13:08:04 main.go:164: map[1:{1 Get Set Go! John Smith Test} 2:{2 Be a Go Getter John Smith David Byrne}]
WARNING: 2021/09/28 13:10:11 main.go:164: map[1:{1 Get Set Go! John Smith Test} 2:{2 Be a Go Getter John Smith David Byrne}]
INFO: 2021/09/28 13:10:30 main.go:103: Starting up proj in port: 8080
WARNING: 2021/09/28 13:10:32 main.go:164: map[1:{1 Get Set Go! John Smith Test} 2:{2 Be a Go Getter John Smith David Byrne}]
INFO: 2021/09/28 13:12:01 main.go:103: Starting up proj in port: 8080
INFO: 2021/09/28 13:14:08 main.go:103: Starting up proj in port: 8080
INFO: 2021/09/28 13:14:11 main.go:103: Starting up proj in port: 8080
WARNING: 2021/09/28 13:14:30 main.go:165: map[1:{1 Get Set Go! John Smith Test} 2:{2 Be a Go Getter John Smith David Byrne}]
INFO: 2021/09/28 13:16:36 main.go:104: Starting up proj in port: 8080
INFO: 2021/09/28 13:18:00 main.go:104: Starting up proj in port: 8080
INFO: 2021/09/28 13:18:30 main.go:104: Starting up proj in port: 8080
ERROR: 2021/09/28 13:19:09 main.go:188: Book not found
INFO: 2021/09/28 13:19:43 main.go:104: Starting up proj in port: 8080
INFO: 2021/09/28 13:55:34 main.go:104: Starting up proj in port: 8080
ERROR: 2021/09/28 13:55:48 main.go:214: Book not found
INFO: 2021/09/28 13:56:07 main.go:104: Starting up proj in port: 8080
INFO: 2021/09/28 14:08:18 main.go:104: Starting up proj in port: 8080
INFO: 2021/09/28 14:08:36 main.go:104: Starting up proj in port: 8080
ERROR: 2021/09/28 14:08:59 main.go:214: Book not found
INFO: 2021/09/28 14:09:22 main.go:104: Starting up proj in port: 8080
ERROR: 2021/09/28 14:09:25 main.go:214: Book not found
INFO: 2021/09/28 14:16:17 main.go:104: Starting up proj in port: 8080
ERROR: 2021/09/28 14:16:50 main.go:214: Book not found
INFO: 2021/09/28 14:26:56 main.go:104: Starting up proj in port: 8080
INFO: 2021/09/28 14:29:07 main.go:104: Starting up proj in port: 8080
INFO: 2021/09/28 14:33:10 main.go:105: Starting up proj in port: 8080
INFO: 2021/09/28 14:34:27 main.go:105: Starting up proj in port: 8080
INFO: 2021/09/28 14:35:02 main.go:105: Starting up proj in port: 8080
INFO: 2021/09/28 14:35:05 main.go:105: Starting up proj in port: 8080
INFO: 2021/09/28 14:36:43 main.go:105: Starting up proj in port: 8080
